{"D:\\rsschool-react-2021q3\\react-testing\\src\\components\\pages\\about.tsx": {"path":"D:\\rsschool-react-2021q3\\react-testing\\src\\components\\pages\\about.tsx","all":false,"statementMap":{"0":{"start":{"line":1,"column":0},"end":{"line":1,"column":26}},"1":{"start":{"line":2,"column":0},"end":{"line":2,"column":0}},"2":{"start":{"line":3,"column":0},"end":{"line":3,"column":38}},"3":{"start":{"line":4,"column":0},"end":{"line":4,"column":29}},"4":{"start":{"line":5,"column":0},"end":{"line":5,"column":32}},"5":{"start":{"line":6,"column":0},"end":{"line":6,"column":25}},"6":{"start":{"line":7,"column":0},"end":{"line":7,"column":10}},"7":{"start":{"line":8,"column":0},"end":{"line":8,"column":8}},"8":{"start":{"line":9,"column":0},"end":{"line":9,"column":2}}},"s":{"0":1,"1":1,"2":1,"3":1,"4":1,"5":1,"6":1,"7":1,"8":1},"branchMap":{"0":{"type":"branch","line":3,"loc":{"start":{"line":3,"column":31},"end":{"line":3,"column":13}},"locations":[{"start":{"line":3,"column":31},"end":{"line":3,"column":13}}]}},"b":{"0":[1]},"fnMap":{"0":{"name":"About","decl":{"start":{"line":3,"column":31},"end":{"line":3,"column":13}},"loc":{"start":{"line":3,"column":31},"end":{"line":3,"column":13}},"line":3}},"f":{"0":1}}
,"D:\\rsschool-react-2021q3\\react-testing\\src\\components\\pages\\details.tsx": {"path":"D:\\rsschool-react-2021q3\\react-testing\\src\\components\\pages\\details.tsx","all":false,"statementMap":{"0":{"start":{"line":1,"column":0},"end":{"line":1,"column":26}},"1":{"start":{"line":2,"column":0},"end":{"line":2,"column":42}},"2":{"start":{"line":3,"column":0},"end":{"line":3,"column":52}},"3":{"start":{"line":4,"column":0},"end":{"line":4,"column":0}},"4":{"start":{"line":5,"column":0},"end":{"line":5,"column":40}},"5":{"start":{"line":6,"column":0},"end":{"line":6,"column":65}},"6":{"start":{"line":7,"column":0},"end":{"line":7,"column":0}},"7":{"start":{"line":8,"column":0},"end":{"line":8,"column":10}},"8":{"start":{"line":9,"column":0},"end":{"line":9,"column":31}},"9":{"start":{"line":10,"column":0},"end":{"line":10,"column":35}},"10":{"start":{"line":11,"column":0},"end":{"line":11,"column":46}},"11":{"start":{"line":12,"column":0},"end":{"line":12,"column":27}},"12":{"start":{"line":13,"column":0},"end":{"line":13,"column":0}},"13":{"start":{"line":14,"column":0},"end":{"line":14,"column":39}},"14":{"start":{"line":15,"column":0},"end":{"line":15,"column":61}},"15":{"start":{"line":16,"column":0},"end":{"line":16,"column":33}},"16":{"start":{"line":17,"column":0},"end":{"line":17,"column":16}},"17":{"start":{"line":18,"column":0},"end":{"line":18,"column":0}},"18":{"start":{"line":19,"column":0},"end":{"line":19,"column":39}},"19":{"start":{"line":20,"column":0},"end":{"line":20,"column":67}},"20":{"start":{"line":21,"column":0},"end":{"line":21,"column":43}},"21":{"start":{"line":22,"column":0},"end":{"line":22,"column":16}},"22":{"start":{"line":23,"column":0},"end":{"line":23,"column":0}},"23":{"start":{"line":24,"column":0},"end":{"line":24,"column":39}},"24":{"start":{"line":25,"column":0},"end":{"line":25,"column":62}},"25":{"start":{"line":26,"column":0},"end":{"line":26,"column":38}},"26":{"start":{"line":27,"column":0},"end":{"line":27,"column":16}},"27":{"start":{"line":28,"column":0},"end":{"line":28,"column":0}},"28":{"start":{"line":29,"column":0},"end":{"line":29,"column":40}},"29":{"start":{"line":30,"column":0},"end":{"line":30,"column":14}},"30":{"start":{"line":31,"column":0},"end":{"line":31,"column":12}},"31":{"start":{"line":32,"column":0},"end":{"line":32,"column":10}},"32":{"start":{"line":33,"column":0},"end":{"line":33,"column":4}},"33":{"start":{"line":34,"column":0},"end":{"line":34,"column":2}}},"s":{"0":1,"1":1,"2":1,"3":1,"4":1,"5":1,"6":1,"7":1,"8":1,"9":1,"10":1,"11":1,"12":1,"13":1,"14":1,"15":1,"16":1,"17":1,"18":1,"19":1,"20":1,"21":1,"22":1,"23":1,"24":1,"25":1,"26":1,"27":1,"28":1,"29":1,"30":1,"31":1,"32":1,"33":1},"branchMap":{"0":{"type":"branch","line":5,"loc":{"start":{"line":5,"column":33},"end":{"line":34,"column":2}},"locations":[{"start":{"line":5,"column":33},"end":{"line":34,"column":2}}]},"1":{"type":"branch","line":6,"loc":{"start":{"line":6,"column":27},"end":{"line":6,"column":28}},"locations":[{"start":{"line":6,"column":27},"end":{"line":6,"column":28}}]}},"b":{"0":[1],"1":[2]},"fnMap":{"0":{"name":"Details","decl":{"start":{"line":5,"column":33},"end":{"line":34,"column":2}},"loc":{"start":{"line":5,"column":33},"end":{"line":34,"column":2}},"line":5}},"f":{"0":1}}
,"D:\\rsschool-react-2021q3\\react-testing\\src\\components\\pages\\not-page.tsx": {"path":"D:\\rsschool-react-2021q3\\react-testing\\src\\components\\pages\\not-page.tsx","all":false,"statementMap":{"0":{"start":{"line":1,"column":0},"end":{"line":1,"column":26}},"1":{"start":{"line":2,"column":0},"end":{"line":2,"column":0}},"2":{"start":{"line":3,"column":0},"end":{"line":3,"column":40}},"3":{"start":{"line":4,"column":0},"end":{"line":4,"column":29}},"4":{"start":{"line":5,"column":0},"end":{"line":5,"column":30}},"5":{"start":{"line":6,"column":0},"end":{"line":6,"column":37}},"6":{"start":{"line":7,"column":0},"end":{"line":7,"column":10}},"7":{"start":{"line":8,"column":0},"end":{"line":8,"column":8}},"8":{"start":{"line":9,"column":0},"end":{"line":9,"column":2}}},"s":{"0":1,"1":1,"2":1,"3":1,"4":1,"5":1,"6":1,"7":1,"8":1},"branchMap":{"0":{"type":"branch","line":3,"loc":{"start":{"line":3,"column":33},"end":{"line":3,"column":13}},"locations":[{"start":{"line":3,"column":33},"end":{"line":3,"column":13}}]}},"b":{"0":[1]},"fnMap":{"0":{"name":"NotPage","decl":{"start":{"line":3,"column":33},"end":{"line":3,"column":13}},"loc":{"start":{"line":3,"column":33},"end":{"line":3,"column":13}},"line":3}},"f":{"0":1}}
,"D:\\rsschool-react-2021q3\\react-testing\\src\\components\\pages\\home\\home.tsx": {"path":"D:\\rsschool-react-2021q3\\react-testing\\src\\components\\pages\\home\\home.tsx","all":false,"statementMap":{"0":{"start":{"line":1,"column":0},"end":{"line":1,"column":26}},"1":{"start":{"line":2,"column":0},"end":{"line":2,"column":42}},"2":{"start":{"line":3,"column":0},"end":{"line":3,"column":55}},"3":{"start":{"line":4,"column":0},"end":{"line":4,"column":41}},"4":{"start":{"line":5,"column":0},"end":{"line":5,"column":45}},"5":{"start":{"line":6,"column":0},"end":{"line":6,"column":0}},"6":{"start":{"line":7,"column":0},"end":{"line":7,"column":37}},"7":{"start":{"line":8,"column":0},"end":{"line":8,"column":69}},"8":{"start":{"line":9,"column":0},"end":{"line":9,"column":0}},"9":{"start":{"line":10,"column":0},"end":{"line":10,"column":10}},"10":{"start":{"line":11,"column":0},"end":{"line":11,"column":31}},"11":{"start":{"line":12,"column":0},"end":{"line":12,"column":33}},"12":{"start":{"line":13,"column":0},"end":{"line":13,"column":21}},"13":{"start":{"line":14,"column":0},"end":{"line":14,"column":56}},"14":{"start":{"line":15,"column":0},"end":{"line":15,"column":12}},"15":{"start":{"line":16,"column":0},"end":{"line":16,"column":10}},"16":{"start":{"line":17,"column":0},"end":{"line":17,"column":4}},"17":{"start":{"line":18,"column":0},"end":{"line":18,"column":2}}},"s":{"0":1,"1":1,"2":1,"3":1,"4":1,"5":1,"6":1,"7":1,"8":1,"9":1,"10":1,"11":1,"12":1,"13":1,"14":1,"15":1,"16":1,"17":1},"branchMap":{"0":{"type":"branch","line":7,"loc":{"start":{"line":7,"column":30},"end":{"line":18,"column":2}},"locations":[{"start":{"line":7,"column":30},"end":{"line":18,"column":2}}]},"1":{"type":"branch","line":14,"loc":{"start":{"line":14,"column":15},"end":{"line":14,"column":40}},"locations":[{"start":{"line":14,"column":15},"end":{"line":14,"column":40}}]},"2":{"type":"branch","line":8,"loc":{"start":{"line":8,"column":29},"end":{"line":8,"column":30}},"locations":[{"start":{"line":8,"column":29},"end":{"line":8,"column":30}}]}},"b":{"0":[1],"1":[0],"2":[2]},"fnMap":{"0":{"name":"Home","decl":{"start":{"line":7,"column":30},"end":{"line":18,"column":2}},"loc":{"start":{"line":7,"column":30},"end":{"line":18,"column":2}},"line":7}},"f":{"0":1}}
,"D:\\rsschool-react-2021q3\\react-testing\\src\\components\\pages\\home\\result-board.tsx": {"path":"D:\\rsschool-react-2021q3\\react-testing\\src\\components\\pages\\home\\result-board.tsx","all":false,"statementMap":{"0":{"start":{"line":1,"column":0},"end":{"line":1,"column":26}},"1":{"start":{"line":2,"column":0},"end":{"line":2,"column":42}},"2":{"start":{"line":3,"column":0},"end":{"line":3,"column":55}},"3":{"start":{"line":4,"column":0},"end":{"line":4,"column":43}},"4":{"start":{"line":5,"column":0},"end":{"line":5,"column":0}},"5":{"start":{"line":6,"column":0},"end":{"line":6,"column":44}},"6":{"start":{"line":7,"column":0},"end":{"line":7,"column":67}},"7":{"start":{"line":8,"column":0},"end":{"line":8,"column":0}},"8":{"start":{"line":9,"column":0},"end":{"line":9,"column":14}},"9":{"start":{"line":10,"column":0},"end":{"line":10,"column":40}},"10":{"start":{"line":11,"column":0},"end":{"line":11,"column":0}},"11":{"start":{"line":12,"column":0},"end":{"line":12,"column":75}},"12":{"start":{"line":13,"column":0},"end":{"line":13,"column":48}},"13":{"start":{"line":14,"column":0},"end":{"line":14,"column":74}},"14":{"start":{"line":15,"column":0},"end":{"line":15,"column":0}},"15":{"start":{"line":16,"column":0},"end":{"line":16,"column":10}},"16":{"start":{"line":17,"column":0},"end":{"line":17,"column":61}},"17":{"start":{"line":18,"column":0},"end":{"line":18,"column":14}},"18":{"start":{"line":19,"column":0},"end":{"line":19,"column":10}},"19":{"start":{"line":20,"column":0},"end":{"line":20,"column":4}},"20":{"start":{"line":21,"column":0},"end":{"line":21,"column":2}}},"s":{"0":1,"1":1,"2":1,"3":1,"4":1,"5":1,"6":4,"7":4,"8":4,"9":4,"10":4,"11":4,"12":0,"13":4,"14":4,"15":4,"16":4,"17":4,"18":4,"19":4,"20":4},"branchMap":{"0":{"type":"branch","line":6,"loc":{"start":{"line":6,"column":37},"end":{"line":21,"column":2}},"locations":[{"start":{"line":6,"column":37},"end":{"line":21,"column":2}}]},"1":{"type":"branch","line":12,"loc":{"start":{"line":12,"column":17},"end":{"line":14,"column":12}},"locations":[{"start":{"line":12,"column":17},"end":{"line":14,"column":12}}]},"2":{"type":"branch","line":7,"loc":{"start":{"line":7,"column":28},"end":{"line":7,"column":29}},"locations":[{"start":{"line":7,"column":28},"end":{"line":7,"column":29}}]},"3":{"type":"branch","line":10,"loc":{"start":{"line":10,"column":20},"end":{"line":10,"column":34}},"locations":[{"start":{"line":10,"column":20},"end":{"line":10,"column":34}}]},"4":{"type":"branch","line":12,"loc":{"start":{"line":12,"column":64},"end":{"line":12,"column":65}},"locations":[{"start":{"line":12,"column":64},"end":{"line":12,"column":65}}]}},"b":{"0":[4],"1":[0],"2":[9],"3":[4],"4":[4]},"fnMap":{"0":{"name":"ResultBoard","decl":{"start":{"line":6,"column":37},"end":{"line":21,"column":2}},"loc":{"start":{"line":6,"column":37},"end":{"line":21,"column":2}},"line":6},"1":{"name":"createKey","decl":{"start":{"line":10,"column":20},"end":{"line":10,"column":34}},"loc":{"start":{"line":10,"column":20},"end":{"line":10,"column":34}},"line":10}},"f":{"0":4,"1":4}}
,"D:\\rsschool-react-2021q3\\react-testing\\src\\components\\pages\\home\\result-item.tsx": {"path":"D:\\rsschool-react-2021q3\\react-testing\\src\\components\\pages\\home\\result-item.tsx","all":false,"statementMap":{"0":{"start":{"line":1,"column":0},"end":{"line":1,"column":26}},"1":{"start":{"line":2,"column":0},"end":{"line":2,"column":42}},"2":{"start":{"line":3,"column":0},"end":{"line":3,"column":40}},"3":{"start":{"line":4,"column":0},"end":{"line":4,"column":62}},"4":{"start":{"line":5,"column":0},"end":{"line":5,"column":62}},"5":{"start":{"line":6,"column":0},"end":{"line":6,"column":0}},"6":{"start":{"line":7,"column":0},"end":{"line":7,"column":88}},"7":{"start":{"line":8,"column":0},"end":{"line":8,"column":33}},"8":{"start":{"line":9,"column":0},"end":{"line":9,"column":0}},"9":{"start":{"line":10,"column":0},"end":{"line":10,"column":35}},"10":{"start":{"line":11,"column":0},"end":{"line":11,"column":31}},"11":{"start":{"line":12,"column":0},"end":{"line":12,"column":4}},"12":{"start":{"line":13,"column":0},"end":{"line":13,"column":0}},"13":{"start":{"line":14,"column":0},"end":{"line":14,"column":10}},"14":{"start":{"line":15,"column":0},"end":{"line":15,"column":66}},"15":{"start":{"line":16,"column":0},"end":{"line":16,"column":11}},"16":{"start":{"line":17,"column":0},"end":{"line":17,"column":21}},"17":{"start":{"line":18,"column":0},"end":{"line":18,"column":38}},"18":{"start":{"line":19,"column":0},"end":{"line":19,"column":35}},"19":{"start":{"line":20,"column":0},"end":{"line":20,"column":40}},"20":{"start":{"line":21,"column":0},"end":{"line":21,"column":7}},"21":{"start":{"line":22,"column":0},"end":{"line":22,"column":20}},"22":{"start":{"line":23,"column":0},"end":{"line":23,"column":13}},"23":{"start":{"line":24,"column":0},"end":{"line":24,"column":68}},"24":{"start":{"line":25,"column":0},"end":{"line":25,"column":28}},"25":{"start":{"line":26,"column":0},"end":{"line":26,"column":10}},"26":{"start":{"line":27,"column":0},"end":{"line":27,"column":4}},"27":{"start":{"line":28,"column":0},"end":{"line":28,"column":2}}},"s":{"0":1,"1":1,"2":1,"3":1,"4":1,"5":1,"6":1,"7":6,"8":6,"9":6,"10":1,"11":1,"12":6,"13":6,"14":6,"15":6,"16":6,"17":6,"18":6,"19":6,"20":6,"21":6,"22":6,"23":6,"24":6,"25":6,"26":6,"27":6},"branchMap":{"0":{"type":"branch","line":7,"loc":{"start":{"line":7,"column":54},"end":{"line":28,"column":2}},"locations":[{"start":{"line":7,"column":54},"end":{"line":28,"column":2}}]},"1":{"type":"branch","line":10,"loc":{"start":{"line":10,"column":28},"end":{"line":12,"column":4}},"locations":[{"start":{"line":10,"column":28},"end":{"line":12,"column":4}}]}},"b":{"0":[6],"1":[1]},"fnMap":{"0":{"name":"ResultItem","decl":{"start":{"line":7,"column":54},"end":{"line":28,"column":2}},"loc":{"start":{"line":7,"column":54},"end":{"line":28,"column":2}},"line":7},"1":{"name":"setDetailsHandler","decl":{"start":{"line":10,"column":28},"end":{"line":12,"column":4}},"loc":{"start":{"line":10,"column":28},"end":{"line":12,"column":4}},"line":10}},"f":{"0":6,"1":1}}
,"D:\\rsschool-react-2021q3\\react-testing\\src\\components\\pages\\home\\search-bar.tsx": {"path":"D:\\rsschool-react-2021q3\\react-testing\\src\\components\\pages\\home\\search-bar.tsx","all":false,"statementMap":{"0":{"start":{"line":1,"column":0},"end":{"line":1,"column":15}},"1":{"start":{"line":2,"column":0},"end":{"line":2,"column":49}},"2":{"start":{"line":3,"column":0},"end":{"line":3,"column":15}},"3":{"start":{"line":4,"column":0},"end":{"line":4,"column":55}},"4":{"start":{"line":5,"column":0},"end":{"line":5,"column":55}},"5":{"start":{"line":6,"column":0},"end":{"line":6,"column":59}},"6":{"start":{"line":7,"column":0},"end":{"line":7,"column":63}},"7":{"start":{"line":8,"column":0},"end":{"line":8,"column":0}},"8":{"start":{"line":9,"column":0},"end":{"line":9,"column":42}},"9":{"start":{"line":10,"column":0},"end":{"line":10,"column":33}},"10":{"start":{"line":11,"column":0},"end":{"line":11,"column":80}},"11":{"start":{"line":12,"column":0},"end":{"line":12,"column":0}},"12":{"start":{"line":13,"column":0},"end":{"line":13,"column":39}},"13":{"start":{"line":14,"column":0},"end":{"line":14,"column":50}},"14":{"start":{"line":15,"column":0},"end":{"line":15,"column":38}},"15":{"start":{"line":16,"column":0},"end":{"line":16,"column":38}},"16":{"start":{"line":17,"column":0},"end":{"line":17,"column":0}},"17":{"start":{"line":18,"column":0},"end":{"line":18,"column":80}},"18":{"start":{"line":19,"column":0},"end":{"line":19,"column":32}},"19":{"start":{"line":20,"column":0},"end":{"line":20,"column":4}},"20":{"start":{"line":21,"column":0},"end":{"line":21,"column":0}},"21":{"start":{"line":22,"column":0},"end":{"line":22,"column":60}},"22":{"start":{"line":23,"column":0},"end":{"line":23,"column":27}},"23":{"start":{"line":24,"column":0},"end":{"line":24,"column":0}},"24":{"start":{"line":25,"column":0},"end":{"line":25,"column":28}},"25":{"start":{"line":26,"column":0},"end":{"line":26,"column":24}},"26":{"start":{"line":27,"column":0},"end":{"line":27,"column":37}},"27":{"start":{"line":28,"column":0},"end":{"line":28,"column":8}},"28":{"start":{"line":29,"column":0},"end":{"line":29,"column":4}},"29":{"start":{"line":30,"column":0},"end":{"line":30,"column":0}},"30":{"start":{"line":31,"column":0},"end":{"line":31,"column":79}},"31":{"start":{"line":32,"column":0},"end":{"line":32,"column":42}},"32":{"start":{"line":33,"column":0},"end":{"line":33,"column":4}},"33":{"start":{"line":34,"column":0},"end":{"line":34,"column":0}},"34":{"start":{"line":35,"column":0},"end":{"line":35,"column":78}},"35":{"start":{"line":36,"column":0},"end":{"line":36,"column":36}},"36":{"start":{"line":37,"column":0},"end":{"line":37,"column":36}},"37":{"start":{"line":38,"column":0},"end":{"line":38,"column":34}},"38":{"start":{"line":39,"column":0},"end":{"line":39,"column":0}},"39":{"start":{"line":40,"column":0},"end":{"line":40,"column":19}},"40":{"start":{"line":41,"column":0},"end":{"line":41,"column":4}},"41":{"start":{"line":42,"column":0},"end":{"line":42,"column":0}},"42":{"start":{"line":43,"column":0},"end":{"line":43,"column":78}},"43":{"start":{"line":44,"column":0},"end":{"line":44,"column":38}},"44":{"start":{"line":45,"column":0},"end":{"line":45,"column":19}},"45":{"start":{"line":46,"column":0},"end":{"line":46,"column":4}},"46":{"start":{"line":47,"column":0},"end":{"line":47,"column":0}},"47":{"start":{"line":48,"column":0},"end":{"line":48,"column":10}},"48":{"start":{"line":49,"column":0},"end":{"line":49,"column":42}},"49":{"start":{"line":50,"column":0},"end":{"line":50,"column":65}},"50":{"start":{"line":51,"column":0},"end":{"line":51,"column":44}},"51":{"start":{"line":52,"column":0},"end":{"line":52,"column":14}},"52":{"start":{"line":53,"column":0},"end":{"line":53,"column":32}},"53":{"start":{"line":54,"column":0},"end":{"line":54,"column":21}},"54":{"start":{"line":55,"column":0},"end":{"line":55,"column":22}},"55":{"start":{"line":56,"column":0},"end":{"line":56,"column":34}},"56":{"start":{"line":57,"column":0},"end":{"line":57,"column":34}},"57":{"start":{"line":58,"column":0},"end":{"line":58,"column":10}},"58":{"start":{"line":59,"column":0},"end":{"line":59,"column":0}},"59":{"start":{"line":60,"column":0},"end":{"line":60,"column":96}},"60":{"start":{"line":61,"column":0},"end":{"line":61,"column":13}},"61":{"start":{"line":62,"column":0},"end":{"line":62,"column":0}},"62":{"start":{"line":63,"column":0},"end":{"line":63,"column":39}},"63":{"start":{"line":64,"column":0},"end":{"line":64,"column":30}},"64":{"start":{"line":65,"column":0},"end":{"line":65,"column":18}},"65":{"start":{"line":66,"column":0},"end":{"line":66,"column":17}},"66":{"start":{"line":67,"column":0},"end":{"line":67,"column":35}},"67":{"start":{"line":68,"column":0},"end":{"line":68,"column":23}},"68":{"start":{"line":69,"column":0},"end":{"line":69,"column":24}},"69":{"start":{"line":70,"column":0},"end":{"line":70,"column":34}},"70":{"start":{"line":71,"column":0},"end":{"line":71,"column":37}},"71":{"start":{"line":72,"column":0},"end":{"line":72,"column":11}},"72":{"start":{"line":73,"column":0},"end":{"line":73,"column":60}},"73":{"start":{"line":74,"column":0},"end":{"line":74,"column":56}},"74":{"start":{"line":75,"column":0},"end":{"line":75,"column":52}},"75":{"start":{"line":76,"column":0},"end":{"line":76,"column":19}},"76":{"start":{"line":77,"column":0},"end":{"line":77,"column":16}},"77":{"start":{"line":78,"column":0},"end":{"line":78,"column":0}},"78":{"start":{"line":79,"column":0},"end":{"line":79,"column":30}},"79":{"start":{"line":80,"column":0},"end":{"line":80,"column":20}},"80":{"start":{"line":81,"column":0},"end":{"line":81,"column":16}},"81":{"start":{"line":82,"column":0},"end":{"line":82,"column":25}},"82":{"start":{"line":83,"column":0},"end":{"line":83,"column":35}},"83":{"start":{"line":84,"column":0},"end":{"line":84,"column":23}},"84":{"start":{"line":85,"column":0},"end":{"line":85,"column":19}},"85":{"start":{"line":86,"column":0},"end":{"line":86,"column":20}},"86":{"start":{"line":87,"column":0},"end":{"line":87,"column":24}},"87":{"start":{"line":88,"column":0},"end":{"line":88,"column":34}},"88":{"start":{"line":89,"column":0},"end":{"line":89,"column":12}},"89":{"start":{"line":90,"column":0},"end":{"line":90,"column":16}},"90":{"start":{"line":91,"column":0},"end":{"line":91,"column":0}},"91":{"start":{"line":92,"column":0},"end":{"line":92,"column":30}},"92":{"start":{"line":93,"column":0},"end":{"line":93,"column":15}},"93":{"start":{"line":94,"column":0},"end":{"line":94,"column":16}},"94":{"start":{"line":95,"column":0},"end":{"line":95,"column":25}},"95":{"start":{"line":96,"column":0},"end":{"line":96,"column":35}},"96":{"start":{"line":97,"column":0},"end":{"line":97,"column":23}},"97":{"start":{"line":98,"column":0},"end":{"line":98,"column":19}},"98":{"start":{"line":99,"column":0},"end":{"line":99,"column":24}},"99":{"start":{"line":100,"column":0},"end":{"line":100,"column":34}},"100":{"start":{"line":101,"column":0},"end":{"line":101,"column":12}},"101":{"start":{"line":102,"column":0},"end":{"line":102,"column":16}},"102":{"start":{"line":103,"column":0},"end":{"line":103,"column":0}},"103":{"start":{"line":104,"column":0},"end":{"line":104,"column":38}},"104":{"start":{"line":105,"column":0},"end":{"line":105,"column":15}},"105":{"start":{"line":106,"column":0},"end":{"line":106,"column":20}},"106":{"start":{"line":107,"column":0},"end":{"line":107,"column":15}},"107":{"start":{"line":108,"column":0},"end":{"line":108,"column":17}},"108":{"start":{"line":109,"column":0},"end":{"line":109,"column":14}},"109":{"start":{"line":110,"column":0},"end":{"line":110,"column":12}},"110":{"start":{"line":111,"column":0},"end":{"line":111,"column":10}},"111":{"start":{"line":112,"column":0},"end":{"line":112,"column":4}},"112":{"start":{"line":113,"column":0},"end":{"line":113,"column":2}}},"s":{"0":1,"1":1,"2":1,"3":1,"4":1,"5":1,"6":1,"7":1,"8":1,"9":8,"10":8,"11":8,"12":8,"13":8,"14":8,"15":8,"16":8,"17":8,"18":2,"19":2,"20":8,"21":8,"22":1,"23":1,"24":1,"25":1,"26":1,"27":1,"28":1,"29":8,"30":8,"31":1,"32":1,"33":8,"34":8,"35":0,"36":0,"37":0,"38":0,"39":0,"40":0,"41":8,"42":8,"43":0,"44":0,"45":0,"46":8,"47":8,"48":8,"49":8,"50":8,"51":8,"52":8,"53":8,"54":8,"55":8,"56":8,"57":8,"58":8,"59":8,"60":8,"61":8,"62":8,"63":8,"64":8,"65":8,"66":8,"67":8,"68":8,"69":8,"70":8,"71":8,"72":8,"73":8,"74":8,"75":8,"76":8,"77":8,"78":8,"79":8,"80":8,"81":8,"82":8,"83":8,"84":8,"85":8,"86":8,"87":8,"88":8,"89":8,"90":8,"91":8,"92":8,"93":8,"94":8,"95":8,"96":8,"97":8,"98":8,"99":8,"100":8,"101":8,"102":8,"103":8,"104":8,"105":8,"106":8,"107":8,"108":8,"109":8,"110":8,"111":8,"112":8},"branchMap":{"0":{"type":"branch","line":9,"loc":{"start":{"line":9,"column":35},"end":{"line":113,"column":2}},"locations":[{"start":{"line":9,"column":35},"end":{"line":113,"column":2}}]},"1":{"type":"branch","line":11,"loc":{"start":{"line":11,"column":28},"end":{"line":11,"column":29}},"locations":[{"start":{"line":11,"column":28},"end":{"line":11,"column":29}}]},"2":{"type":"branch","line":18,"loc":{"start":{"line":18,"column":62},"end":{"line":20,"column":4}},"locations":[{"start":{"line":18,"column":62},"end":{"line":20,"column":4}}]},"3":{"type":"branch","line":22,"loc":{"start":{"line":22,"column":42},"end":{"line":29,"column":4}},"locations":[{"start":{"line":22,"column":42},"end":{"line":29,"column":4}}]},"4":{"type":"branch","line":31,"loc":{"start":{"line":31,"column":61},"end":{"line":33,"column":4}},"locations":[{"start":{"line":31,"column":61},"end":{"line":33,"column":4}}]}},"b":{"0":[8],"1":[14],"2":[2],"3":[1],"4":[1]},"fnMap":{"0":{"name":"SearchBar","decl":{"start":{"line":9,"column":35},"end":{"line":113,"column":2}},"loc":{"start":{"line":9,"column":35},"end":{"line":113,"column":2}},"line":9},"1":{"name":"searchHandler","decl":{"start":{"line":18,"column":62},"end":{"line":20,"column":4}},"loc":{"start":{"line":18,"column":62},"end":{"line":20,"column":4}},"line":18},"2":{"name":"submitHandler","decl":{"start":{"line":22,"column":42},"end":{"line":29,"column":4}},"loc":{"start":{"line":22,"column":42},"end":{"line":29,"column":4}},"line":22},"3":{"name":"sortHandler","decl":{"start":{"line":31,"column":61},"end":{"line":33,"column":4}},"loc":{"start":{"line":31,"column":61},"end":{"line":33,"column":4}},"line":31},"4":{"name":"sizeHandler","decl":{"start":{"line":35,"column":60},"end":{"line":41,"column":4}},"loc":{"start":{"line":35,"column":60},"end":{"line":41,"column":4}},"line":35},"5":{"name":"pageHandler","decl":{"start":{"line":43,"column":60},"end":{"line":46,"column":4}},"loc":{"start":{"line":43,"column":60},"end":{"line":46,"column":4}},"line":43}},"f":{"0":8,"1":2,"2":1,"3":1,"4":0,"5":0}}
,"D:\\rsschool-react-2021q3\\react-testing\\src\\shared\\store\\appReducer.ts": {"path":"D:\\rsschool-react-2021q3\\react-testing\\src\\shared\\store\\appReducer.ts","all":false,"statementMap":{"0":{"start":{"line":1,"column":0},"end":{"line":1,"column":8}},"1":{"start":{"line":2,"column":0},"end":{"line":2,"column":38}},"2":{"start":{"line":3,"column":0},"end":{"line":3,"column":23}},"3":{"start":{"line":4,"column":0},"end":{"line":4,"column":0}},"4":{"start":{"line":5,"column":0},"end":{"line":5,"column":31}},"5":{"start":{"line":6,"column":0},"end":{"line":6,"column":27}},"6":{"start":{"line":7,"column":0},"end":{"line":7,"column":41}},"7":{"start":{"line":8,"column":0},"end":{"line":8,"column":0}},"8":{"start":{"line":9,"column":0},"end":{"line":9,"column":30}},"9":{"start":{"line":10,"column":0},"end":{"line":10,"column":10}},"10":{"start":{"line":11,"column":0},"end":{"line":11,"column":15}},"11":{"start":{"line":12,"column":0},"end":{"line":12,"column":7}},"12":{"start":{"line":13,"column":0},"end":{"line":13,"column":14}},"13":{"start":{"line":14,"column":0},"end":{"line":14,"column":35}},"14":{"start":{"line":15,"column":0},"end":{"line":15,"column":19}},"15":{"start":{"line":16,"column":0},"end":{"line":16,"column":24}},"16":{"start":{"line":17,"column":0},"end":{"line":17,"column":16}},"17":{"start":{"line":18,"column":0},"end":{"line":18,"column":8}},"18":{"start":{"line":19,"column":0},"end":{"line":19,"column":6}},"19":{"start":{"line":20,"column":0},"end":{"line":20,"column":20}},"20":{"start":{"line":21,"column":0},"end":{"line":21,"column":4}},"21":{"start":{"line":22,"column":0},"end":{"line":22,"column":16}},"22":{"start":{"line":23,"column":0},"end":{"line":23,"column":9}},"23":{"start":{"line":24,"column":0},"end":{"line":24,"column":10}},"24":{"start":{"line":25,"column":0},"end":{"line":25,"column":19}},"25":{"start":{"line":26,"column":0},"end":{"line":26,"column":21}},"26":{"start":{"line":27,"column":0},"end":{"line":27,"column":31}},"27":{"start":{"line":28,"column":0},"end":{"line":28,"column":15}},"28":{"start":{"line":29,"column":0},"end":{"line":29,"column":4}},"29":{"start":{"line":30,"column":0},"end":{"line":30,"column":2}},"30":{"start":{"line":31,"column":0},"end":{"line":31,"column":0}},"31":{"start":{"line":32,"column":0},"end":{"line":32,"column":78}},"32":{"start":{"line":33,"column":0},"end":{"line":33,"column":24}},"33":{"start":{"line":34,"column":0},"end":{"line":34,"column":16}},"34":{"start":{"line":35,"column":0},"end":{"line":35,"column":49}},"35":{"start":{"line":36,"column":0},"end":{"line":36,"column":14}},"36":{"start":{"line":37,"column":0},"end":{"line":37,"column":50}},"37":{"start":{"line":38,"column":0},"end":{"line":38,"column":21}},"38":{"start":{"line":39,"column":0},"end":{"line":39,"column":48}},"39":{"start":{"line":40,"column":0},"end":{"line":40,"column":12}},"40":{"start":{"line":41,"column":0},"end":{"line":41,"column":19}},"41":{"start":{"line":42,"column":0},"end":{"line":42,"column":3}},"42":{"start":{"line":43,"column":0},"end":{"line":43,"column":2}},"43":{"start":{"line":44,"column":0},"end":{"line":44,"column":0}},"44":{"start":{"line":45,"column":0},"end":{"line":45,"column":71}},"45":{"start":{"line":46,"column":0},"end":{"line":46,"column":79}},"46":{"start":{"line":47,"column":0},"end":{"line":47,"column":79}}},"s":{"0":1,"1":1,"2":1,"3":1,"4":1,"5":1,"6":1,"7":1,"8":1,"9":1,"10":1,"11":1,"12":1,"13":1,"14":1,"15":1,"16":1,"17":1,"18":1,"19":1,"20":1,"21":1,"22":1,"23":1,"24":1,"25":1,"26":1,"27":1,"28":1,"29":1,"30":1,"31":1,"32":17,"33":17,"34":17,"35":17,"36":17,"37":17,"38":17,"39":17,"40":17,"41":17,"42":17,"43":1,"44":1,"45":1,"46":1},"branchMap":{"0":{"type":"branch","line":32,"loc":{"start":{"line":32,"column":26},"end":{"line":43,"column":2}},"locations":[{"start":{"line":32,"column":26},"end":{"line":43,"column":2}}]},"1":{"type":"branch","line":32,"loc":{"start":{"line":32,"column":77},"end":{"line":32,"column":78}},"locations":[{"start":{"line":32,"column":77},"end":{"line":32,"column":78}}]},"2":{"type":"branch","line":32,"loc":{"start":{"line":32,"column":77},"end":{"line":32,"column":57}},"locations":[{"start":{"line":32,"column":77},"end":{"line":32,"column":57}}]},"3":{"type":"branch","line":32,"loc":{"start":{"line":32,"column":77},"end":{"line":32,"column":78}},"locations":[{"start":{"line":32,"column":77},"end":{"line":32,"column":78}}]},"4":{"type":"branch","line":34,"loc":{"start":{"line":34,"column":4},"end":{"line":35,"column":18}},"locations":[{"start":{"line":34,"column":4},"end":{"line":35,"column":18}}]},"5":{"type":"branch","line":36,"loc":{"start":{"line":36,"column":4},"end":{"line":37,"column":18}},"locations":[{"start":{"line":36,"column":4},"end":{"line":37,"column":18}}]},"6":{"type":"branch","line":38,"loc":{"start":{"line":38,"column":4},"end":{"line":39,"column":18}},"locations":[{"start":{"line":38,"column":4},"end":{"line":39,"column":18}}]},"7":{"type":"branch","line":40,"loc":{"start":{"line":40,"column":4},"end":{"line":41,"column":13}},"locations":[{"start":{"line":40,"column":4},"end":{"line":41,"column":13}}]},"8":{"type":"branch","line":45,"loc":{"start":{"line":45,"column":23},"end":{"line":45,"column":13}},"locations":[{"start":{"line":45,"column":23},"end":{"line":45,"column":13}}]},"9":{"type":"branch","line":47,"loc":{"start":{"line":47,"column":26},"end":{"line":47,"column":13}},"locations":[{"start":{"line":47,"column":26},"end":{"line":47,"column":13}}]}},"b":{"0":[17],"1":[2],"2":[15],"3":[0],"4":[0],"5":[1],"6":[1],"7":[15],"8":[1],"9":[1]},"fnMap":{"0":{"name":"appReducer","decl":{"start":{"line":32,"column":26},"end":{"line":43,"column":2}},"loc":{"start":{"line":32,"column":26},"end":{"line":43,"column":2}},"line":32},"1":{"name":"setLoad","decl":{"start":{"line":45,"column":23},"end":{"line":45,"column":13}},"loc":{"start":{"line":45,"column":23},"end":{"line":45,"column":13}},"line":45},"2":{"name":"setSearch","decl":{"start":{"line":46,"column":25},"end":{"line":46,"column":13}},"loc":{"start":{"line":46,"column":25},"end":{"line":46,"column":13}},"line":46},"3":{"name":"setDetails","decl":{"start":{"line":47,"column":26},"end":{"line":47,"column":13}},"loc":{"start":{"line":47,"column":26},"end":{"line":47,"column":13}},"line":47}},"f":{"0":17,"1":1,"2":0,"3":1}}
,"D:\\rsschool-react-2021q3\\react-testing\\src\\shared\\store\\asyncActions.ts": {"path":"D:\\rsschool-react-2021q3\\react-testing\\src\\shared\\store\\asyncActions.ts","all":false,"statementMap":{"0":{"start":{"line":1,"column":0},"end":{"line":1,"column":33}},"1":{"start":{"line":2,"column":0},"end":{"line":2,"column":31}},"2":{"start":{"line":3,"column":0},"end":{"line":3,"column":53}},"3":{"start":{"line":4,"column":0},"end":{"line":4,"column":50}},"4":{"start":{"line":5,"column":0},"end":{"line":5,"column":0}},"5":{"start":{"line":6,"column":0},"end":{"line":6,"column":53}},"6":{"start":{"line":7,"column":0},"end":{"line":7,"column":57}},"7":{"start":{"line":8,"column":0},"end":{"line":8,"column":0}},"8":{"start":{"line":9,"column":0},"end":{"line":9,"column":85}},"9":{"start":{"line":10,"column":0},"end":{"line":10,"column":15}},"10":{"start":{"line":11,"column":0},"end":{"line":11,"column":108}},"11":{"start":{"line":12,"column":0},"end":{"line":12,"column":4}},"12":{"start":{"line":13,"column":0},"end":{"line":13,"column":91}},"13":{"start":{"line":14,"column":0},"end":{"line":14,"column":50}},"14":{"start":{"line":15,"column":0},"end":{"line":15,"column":28}},"15":{"start":{"line":16,"column":0},"end":{"line":16,"column":27}},"16":{"start":{"line":17,"column":0},"end":{"line":17,"column":2}}},"s":{"0":1,"1":1,"2":1,"3":1,"4":1,"5":1,"6":1,"7":1,"8":1,"9":0,"10":0,"11":0,"12":0,"13":0,"14":0,"15":1,"16":1},"branchMap":{"0":{"type":"branch","line":9,"loc":{"start":{"line":9,"column":25},"end":{"line":9,"column":13}},"locations":[{"start":{"line":9,"column":25},"end":{"line":9,"column":13}}]},"1":{"type":"branch","line":9,"loc":{"start":{"line":9,"column":25},"end":{"line":9,"column":26}},"locations":[{"start":{"line":9,"column":25},"end":{"line":9,"column":26}}]},"2":{"type":"branch","line":9,"loc":{"start":{"line":9,"column":46},"end":{"line":9,"column":53}},"locations":[{"start":{"line":9,"column":46},"end":{"line":9,"column":53}}]},"3":{"type":"branch","line":9,"loc":{"start":{"line":9,"column":46},"end":{"line":9,"column":53}},"locations":[{"start":{"line":9,"column":46},"end":{"line":9,"column":53}}]},"4":{"type":"branch","line":9,"loc":{"start":{"line":9,"column":46},"end":{"line":13,"column":38}},"locations":[{"start":{"line":9,"column":46},"end":{"line":13,"column":38}}]},"5":{"type":"branch","line":9,"loc":{"start":{"line":9,"column":46},"end":{"line":9,"column":53}},"locations":[{"start":{"line":9,"column":46},"end":{"line":9,"column":53}}]},"6":{"type":"branch","line":9,"loc":{"start":{"line":9,"column":46},"end":{"line":16,"column":10}},"locations":[{"start":{"line":9,"column":46},"end":{"line":16,"column":10}}]},"7":{"type":"branch","line":9,"loc":{"start":{"line":9,"column":46},"end":{"line":9,"column":53}},"locations":[{"start":{"line":9,"column":46},"end":{"line":9,"column":53}}]},"8":{"type":"branch","line":9,"loc":{"start":{"line":9,"column":46},"end":{"line":9,"column":53}},"locations":[{"start":{"line":9,"column":46},"end":{"line":9,"column":53}}]},"9":{"type":"branch","line":9,"loc":{"start":{"line":9,"column":25},"end":{"line":9,"column":26}},"locations":[{"start":{"line":9,"column":25},"end":{"line":9,"column":26}}]}},"b":{"0":[1],"1":[1],"2":[1],"3":[2],"4":[1],"5":[0],"6":[0],"7":[0],"8":[1],"9":[1]},"fnMap":{"0":{"name":"fetchNews","decl":{"start":{"line":9,"column":25},"end":{"line":9,"column":13}},"loc":{"start":{"line":9,"column":25},"end":{"line":9,"column":13}},"line":9},"1":{"name":"_callee","decl":{"start":{"line":9,"column":46},"end":{"line":9,"column":53}},"loc":{"start":{"line":9,"column":46},"end":{"line":9,"column":53}},"line":9},"2":{"name":"_callee$","decl":{"start":{"line":9,"column":46},"end":{"line":9,"column":53}},"loc":{"start":{"line":9,"column":46},"end":{"line":9,"column":53}},"line":9}},"f":{"0":1,"1":1,"2":2}}
,"D:\\rsschool-react-2021q3\\react-testing\\src\\shared\\store\\store.ts": {"path":"D:\\rsschool-react-2021q3\\react-testing\\src\\shared\\store\\store.ts","all":false,"statementMap":{"0":{"start":{"line":1,"column":0},"end":{"line":1,"column":40}},"1":{"start":{"line":2,"column":0},"end":{"line":2,"column":50}},"2":{"start":{"line":3,"column":0},"end":{"line":3,"column":42}},"3":{"start":{"line":4,"column":0},"end":{"line":4,"column":0}},"4":{"start":{"line":5,"column":0},"end":{"line":5,"column":37}},"5":{"start":{"line":6,"column":0},"end":{"line":6,"column":18}},"6":{"start":{"line":7,"column":0},"end":{"line":7,"column":3}},"7":{"start":{"line":8,"column":0},"end":{"line":8,"column":0}},"8":{"start":{"line":9,"column":0},"end":{"line":9,"column":37}},"9":{"start":{"line":10,"column":0},"end":{"line":10,"column":23}},"10":{"start":{"line":11,"column":0},"end":{"line":11,"column":50}},"11":{"start":{"line":12,"column":0},"end":{"line":12,"column":3}}},"s":{"0":1,"1":1,"2":1,"3":1,"4":1,"5":1,"6":1,"7":1,"8":1,"9":1,"10":1,"11":1},"branchMap":{},"b":{},"fnMap":{},"f":{}}
}
