TN:
SF:src\components\pages\about.tsx
FN:3,About
FNF:1
FNH:1
FNDA:1,About
DA:1,1
DA:2,1
DA:3,1
DA:4,1
DA:5,1
DA:6,1
DA:7,1
DA:8,1
DA:9,1
LF:9
LH:9
BRDA:3,0,0,1
BRF:1
BRH:1
end_of_record
TN:
SF:src\components\pages\details.tsx
FN:5,Details
FNF:1
FNH:1
FNDA:1,Details
DA:1,1
DA:2,1
DA:3,1
DA:4,1
DA:5,1
DA:6,1
DA:7,1
DA:8,1
DA:9,1
DA:10,1
DA:11,1
DA:12,1
DA:13,1
DA:14,1
DA:15,1
DA:16,1
DA:17,1
DA:18,1
DA:19,1
DA:20,1
DA:21,1
DA:22,1
DA:23,1
DA:24,1
DA:25,1
DA:26,1
DA:27,1
DA:28,1
DA:29,1
DA:30,1
DA:31,1
DA:32,1
DA:33,1
DA:34,1
LF:34
LH:34
BRDA:5,0,0,1
BRDA:6,1,0,2
BRF:2
BRH:2
end_of_record
TN:
SF:src\components\pages\not-page.tsx
FN:3,NotPage
FNF:1
FNH:1
FNDA:1,NotPage
DA:1,1
DA:2,1
DA:3,1
DA:4,1
DA:5,1
DA:6,1
DA:7,1
DA:8,1
DA:9,1
LF:9
LH:9
BRDA:3,0,0,1
BRF:1
BRH:1
end_of_record
TN:
SF:src\components\pages\home\home.tsx
FN:7,Home
FNF:1
FNH:1
FNDA:1,Home
DA:1,1
DA:2,1
DA:3,1
DA:4,1
DA:5,1
DA:6,1
DA:7,1
DA:8,1
DA:9,1
DA:10,1
DA:11,1
DA:12,1
DA:13,1
DA:14,1
DA:15,1
DA:16,1
DA:17,1
DA:18,1
LF:18
LH:18
BRDA:7,0,0,1
BRDA:14,1,0,0
BRDA:8,2,0,2
BRF:3
BRH:2
end_of_record
TN:
SF:src\components\pages\home\result-board.tsx
FN:6,ResultBoard
FN:10,createKey
FNF:2
FNH:1
FNDA:5,ResultBoard
FNDA:0,createKey
DA:1,1
DA:2,1
DA:3,1
DA:4,1
DA:5,1
DA:6,1
DA:7,5
DA:8,5
DA:9,5
DA:10,5
DA:11,5
DA:12,5
DA:13,5
DA:14,5
DA:15,5
DA:16,5
DA:17,5
DA:18,5
DA:19,5
DA:20,5
DA:21,5
LF:21
LH:21
BRDA:6,0,0,5
BRDA:12,1,0,0
BRDA:7,2,0,11
BRF:3
BRH:2
end_of_record
TN:
SF:src\components\pages\home\result-item.tsx
FN:7,ResultItem
FN:10,setDetailsHandler
FNF:2
FNH:2
FNDA:2,ResultItem
FNDA:1,setDetailsHandler
DA:1,1
DA:2,1
DA:3,1
DA:4,1
DA:5,1
DA:6,1
DA:7,1
DA:8,2
DA:9,2
DA:10,2
DA:11,1
DA:12,1
DA:13,2
DA:14,2
DA:15,2
DA:16,2
DA:17,2
DA:18,2
DA:19,2
DA:20,2
DA:21,2
DA:22,2
DA:23,2
DA:24,2
DA:25,2
DA:26,2
DA:27,2
DA:28,2
LF:28
LH:28
BRDA:7,0,0,2
BRDA:10,1,0,1
BRF:2
BRH:2
end_of_record
TN:
SF:src\components\pages\home\search-bar.tsx
FN:9,SearchBar
FN:18,searchHandler
FN:22,submitHandler
FN:31,sortHandler
FN:35,sizeHandler
FN:43,pageHandler
FNF:6
FNH:4
FNDA:6,SearchBar
FNDA:1,searchHandler
FNDA:1,submitHandler
FNDA:1,sortHandler
FNDA:0,sizeHandler
FNDA:0,pageHandler
DA:1,1
DA:2,1
DA:3,1
DA:4,1
DA:5,1
DA:6,1
DA:7,1
DA:8,1
DA:9,1
DA:10,6
DA:11,6
DA:12,6
DA:13,6
DA:14,6
DA:15,6
DA:16,6
DA:17,6
DA:18,6
DA:19,1
DA:20,1
DA:21,6
DA:22,6
DA:23,1
DA:24,1
DA:25,1
DA:26,1
DA:27,1
DA:28,1
DA:29,1
DA:30,6
DA:31,6
DA:32,1
DA:33,1
DA:34,6
DA:35,6
DA:36,0
DA:37,0
DA:38,0
DA:39,0
DA:40,0
DA:41,0
DA:42,6
DA:43,6
DA:44,0
DA:45,0
DA:46,0
DA:47,6
DA:48,6
DA:49,6
DA:50,6
DA:51,6
DA:52,6
DA:53,6
DA:54,6
DA:55,6
DA:56,6
DA:57,6
DA:58,6
DA:59,6
DA:60,6
DA:61,6
DA:62,6
DA:63,6
DA:64,6
DA:65,6
DA:66,6
DA:67,6
DA:68,6
DA:69,6
DA:70,6
DA:71,6
DA:72,6
DA:73,6
DA:74,6
DA:75,6
DA:76,6
DA:77,6
DA:78,6
DA:79,6
DA:80,6
DA:81,6
DA:82,6
DA:83,6
DA:84,6
DA:85,6
DA:86,6
DA:87,6
DA:88,6
DA:89,6
DA:90,6
DA:91,6
DA:92,6
DA:93,6
DA:94,6
DA:95,6
DA:96,6
DA:97,6
DA:98,6
DA:99,6
DA:100,6
DA:101,6
DA:102,6
DA:103,6
DA:104,6
DA:105,6
DA:106,6
DA:107,6
DA:108,6
DA:109,6
DA:110,6
DA:111,6
DA:112,6
DA:113,6
LF:113
LH:104
BRDA:9,0,0,6
BRDA:11,1,0,11
BRDA:18,2,0,1
BRDA:22,3,0,1
BRDA:31,4,0,1
BRF:5
BRH:5
end_of_record
TN:
SF:src\shared\store\appReducer.ts
FN:24,appReducer
FN:37,setLoad
FN:38,setSearch
FN:39,setDetails
FNF:4
FNH:3
FNDA:14,appReducer
FNDA:1,setLoad
FNDA:0,setSearch
FNDA:1,setDetails
DA:1,1
DA:2,1
DA:3,1
DA:4,1
DA:5,1
DA:6,1
DA:7,1
DA:8,1
DA:9,1
DA:10,1
DA:11,1
DA:12,1
DA:13,1
DA:14,1
DA:15,1
DA:16,1
DA:17,1
DA:18,1
DA:19,1
DA:20,1
DA:21,1
DA:22,1
DA:23,1
DA:24,1
DA:25,14
DA:26,14
DA:27,14
DA:28,14
DA:29,14
DA:30,14
DA:31,14
DA:32,14
DA:33,14
DA:34,14
DA:35,14
DA:36,1
DA:37,1
DA:38,1
DA:39,1
LF:39
LH:39
BRDA:24,0,0,14
BRDA:24,1,0,2
BRDA:24,2,0,12
BRDA:24,3,0,0
BRDA:26,4,0,0
BRDA:28,5,0,1
BRDA:30,6,0,1
BRDA:32,7,0,12
BRDA:37,8,0,1
BRDA:39,9,0,1
BRF:10
BRH:8
end_of_record
TN:
SF:src\shared\store\asyncActions.ts
FN:9,fetchNews
FN:9,_callee
FN:9,_callee$
FNF:3
FNH:3
FNDA:1,fetchNews
FNDA:1,_callee
FNDA:2,_callee$
DA:1,1
DA:2,1
DA:3,1
DA:4,1
DA:5,1
DA:6,1
DA:7,1
DA:8,1
DA:9,1
DA:10,0
DA:11,0
DA:12,0
DA:13,0
DA:14,0
DA:15,0
DA:16,1
DA:17,1
LF:17
LH:11
BRDA:9,0,0,1
BRDA:9,1,0,1
BRDA:9,2,0,1
BRDA:9,3,0,2
BRDA:9,4,0,1
BRDA:9,5,0,0
BRDA:9,6,0,0
BRDA:9,7,0,0
BRDA:9,8,0,1
BRDA:9,9,0,1
BRF:10
BRH:7
end_of_record
TN:
SF:src\shared\store\store.ts
FNF:0
FNH:0
DA:1,1
DA:2,1
DA:3,1
DA:4,1
DA:5,1
DA:6,1
DA:7,1
DA:8,1
DA:9,1
DA:10,1
DA:11,1
DA:12,1
LF:12
LH:12
BRF:0
BRH:0
end_of_record
